Performing C SOURCE FILE Test CMAKE_HAVE_LIBC_PTHREAD failed with the following output:
Change Dir: C:/Users/Asus/Lab-Proga/grammar_lab/antlr4-cpp-runtime-4.13.0-source/build_new/CMakeFiles/CMakeTmp

Run Build Command(s):C:/Program Files/Microsoft Visual Studio/2022/Community/MSBuild/Current/Bin/amd64/MSBuild.exe cmTC_5aeed.vcxproj /p:Configuration=Debug /p:Platform=x64 /p:VisualStudioVersion=17.0 /v:m && MSBuild version 17.3.1+2badb37d1 for .NET Framework
  ЋЇвЁ¬Ё§ЁагойЁ© Є®¬ЇЁ«пв®а Microsoft (R) C/C++ ўҐабЁЁ 19.33.31630 ¤«п x64
  src.c
  (C) Љ®аЇ®а жЁп Њ ©Єа®б®дв (Microsoft Corporation).  ‚бҐ Їа ў  § йЁйҐ­л.
  cl /c /Zi /W1 /WX- /diagnostics:column /Od /Ob0 /D _MBCS /D WIN32 /D _WINDOWS /D CMAKE_HAVE_LIBC_PTHREAD /D "CMAKE_INTDIR=\"Debug\"" /Gm- /RTC1 /MTd /GS /fp:precise /Zc:wchar_t /Zc:forScope /Zc:inline /Fo"cmTC_5aeed.dir\Debug\\" /Fd"cmTC_5aeed.dir\Debug\vc143.pdb" /external:W1 /Gd /TC /errorReport:queue "C:\Users\Asus\Lab-Proga\grammar_lab\antlr4-cpp-runtime-4.13.0-source\build_new\CMakeFiles\CMakeTmp\src.c"
C:\Users\Asus\Lab-Proga\grammar_lab\antlr4-cpp-runtime-4.13.0-source\build_new\CMakeFiles\CMakeTmp\src.c(1,10): fatal  error C1083: ЌҐ г¤ Ґвбп ®вЄалвм д ©« ўЄ«озҐ­ЁҐ: pthread.h: No such file or directory, [C:\Users\Asus\Lab-Proga\grammar_lab\antlr4-cpp-runtime-4.13.0-source\build_new\CMakeFiles\CMakeTmp\cmTC_5aeed.vcxproj]


Source file was:
#include <pthread.h>

static void* test_func(void* data)
{
  return data;
}

int main(void)
{
  pthread_t thread;
  pthread_create(&thread, NULL, test_func, NULL);
  pthread_detach(thread);
  pthread_cancel(thread);
  pthread_join(thread, NULL);
  pthread_atfork(NULL, NULL, NULL);
  pthread_exit(NULL);

  return 0;
}

Determining if the function pthread_create exists in the pthreads failed with the following output:
Change Dir: C:/Users/Asus/Lab-Proga/grammar_lab/antlr4-cpp-runtime-4.13.0-source/build_new/CMakeFiles/CMakeTmp

Run Build Command(s):C:/Program Files/Microsoft Visual Studio/2022/Community/MSBuild/Current/Bin/amd64/MSBuild.exe cmTC_6e2c4.vcxproj /p:Configuration=Debug /p:Platform=x64 /p:VisualStudioVersion=17.0 /v:m && MSBuild version 17.3.1+2badb37d1 for .NET Framework
  ЋЇвЁ¬Ё§ЁагойЁ© Є®¬ЇЁ«пв®а Microsoft (R) C/C++ ўҐабЁЁ 19.33.31630 ¤«п x64
  CheckFunctionExists.c
  (C) Љ®аЇ®а жЁп Њ ©Єа®б®дв (Microsoft Corporation).  ‚бҐ Їа ў  § йЁйҐ­л.
  cl /c /Zi /W1 /WX- /diagnostics:column /Od /Ob0 /D _MBCS /D WIN32 /D _WINDOWS /D CHECK_FUNCTION_EXISTS=pthread_create /D "CMAKE_INTDIR=\"Debug\"" /Gm- /RTC1 /MTd /GS /fp:precise /Zc:wchar_t /Zc:forScope /Zc:inline /Fo"cmTC_6e2c4.dir\Debug\\" /Fd"cmTC_6e2c4.dir\Debug\vc143.pdb" /external:W1 /Gd /TC /errorReport:queue "C:\Program Files\CMake\share\cmake-3.24\Modules\CheckFunctionExists.c"
LINK : fatal error LNK1104: ­Ґ г¤ Ґвбп ®вЄалвм д ©« "pthreads.lib" [C:\Users\Asus\Lab-Proga\grammar_lab\antlr4-cpp-runtime-4.13.0-source\build_new\CMakeFiles\CMakeTmp\cmTC_6e2c4.vcxproj]



Determining if the function pthread_create exists in the pthread failed with the following output:
Change Dir: C:/Users/Asus/Lab-Proga/grammar_lab/antlr4-cpp-runtime-4.13.0-source/build_new/CMakeFiles/CMakeTmp

Run Build Command(s):C:/Program Files/Microsoft Visual Studio/2022/Community/MSBuild/Current/Bin/amd64/MSBuild.exe cmTC_dfb29.vcxproj /p:Configuration=Debug /p:Platform=x64 /p:VisualStudioVersion=17.0 /v:m && MSBuild version 17.3.1+2badb37d1 for .NET Framework
  ЋЇвЁ¬Ё§ЁагойЁ© Є®¬ЇЁ«пв®а Microsoft (R) C/C++ ўҐабЁЁ 19.33.31630 ¤«п x64
  CheckFunctionExists.c
  (C) Љ®аЇ®а жЁп Њ ©Єа®б®дв (Microsoft Corporation).  ‚бҐ Їа ў  § йЁйҐ­л.
  cl /c /Zi /W1 /WX- /diagnostics:column /Od /Ob0 /D _MBCS /D WIN32 /D _WINDOWS /D CHECK_FUNCTION_EXISTS=pthread_create /D "CMAKE_INTDIR=\"Debug\"" /Gm- /RTC1 /MTd /GS /fp:precise /Zc:wchar_t /Zc:forScope /Zc:inline /Fo"cmTC_dfb29.dir\Debug\\" /Fd"cmTC_dfb29.dir\Debug\vc143.pdb" /external:W1 /Gd /TC /errorReport:queue "C:\Program Files\CMake\share\cmake-3.24\Modules\CheckFunctionExists.c"
LINK : fatal error LNK1104: ­Ґ г¤ Ґвбп ®вЄалвм д ©« "pthread.lib" [C:\Users\Asus\Lab-Proga\grammar_lab\antlr4-cpp-runtime-4.13.0-source\build_new\CMakeFiles\CMakeTmp\cmTC_dfb29.vcxproj]



